0 info it worked if it ends with ok
1 verbose cli [ '/usr/bin/node', '/usr/bin/npm', 'start' ]
2 info using npm@3.5.2
3 info using node@v8.10.0
4 warn invalid config init-author-url="github.com/DenisdS"
5 warn invalid config Must be a full url with 'http://'
6 verbose run-script [ 'prestart', 'start', 'poststart' ]
7 info lifecycle front-end-test@1.0.0~prestart: front-end-test@1.0.0
8 silly lifecycle front-end-test@1.0.0~prestart: no script for prestart, continuing
9 info lifecycle front-end-test@1.0.0~start: front-end-test@1.0.0
10 verbose lifecycle front-end-test@1.0.0~start: unsafe-perm in lifecycle true
11 verbose lifecycle front-end-test@1.0.0~start: PATH: /usr/share/npm/bin/node-gyp-bin:/home/mayara/Documents/projetos/front-end-test/node_modules/.bin:/home/mayara/.sdkman/candidates/maven/current/bin:/usr/share/maven/bin:/usr/local/sbin:/usr/local/bin:/usr/sbin:/usr/bin:/sbin:/bin:/usr/games:/usr/local/games:/snap/bin:/usr/lib/jvm/java-8-oracle/bin:/usr/lib/jvm/java-8-oracle/db/bin:/usr/lib/jvm/java-8-oracle/jre/bin
12 verbose lifecycle front-end-test@1.0.0~start: CWD: /home/mayara/Documents/projetos/front-end-test
13 silly lifecycle front-end-test@1.0.0~start: Args: [ '-c', 'http-server -a localhost -p 9090' ]
14 silly lifecycle front-end-test@1.0.0~start: Returned: code: 1  signal: null
15 info lifecycle front-end-test@1.0.0~start: Failed to exec start script
16 verbose stack Error: front-end-test@1.0.0 start: `http-server -a localhost -p 9090`
16 verbose stack Exit status 1
16 verbose stack     at EventEmitter.<anonymous> (/usr/share/npm/lib/utils/lifecycle.js:232:16)
16 verbose stack     at emitTwo (events.js:126:13)
16 verbose stack     at EventEmitter.emit (events.js:214:7)
16 verbose stack     at ChildProcess.<anonymous> (/usr/share/npm/lib/utils/spawn.js:24:14)
16 verbose stack     at emitTwo (events.js:126:13)
16 verbose stack     at ChildProcess.emit (events.js:214:7)
16 verbose stack     at maybeClose (internal/child_process.js:925:16)
16 verbose stack     at Process.ChildProcess._handle.onexit (internal/child_process.js:209:5)
17 verbose pkgid front-end-test@1.0.0
18 verbose cwd /home/mayara/Documents/projetos/front-end-test
19 error Linux 4.15.0-36-generic
20 error argv "/usr/bin/node" "/usr/bin/npm" "start"
21 error node v8.10.0
22 error npm  v3.5.2
23 error code ELIFECYCLE
24 error front-end-test@1.0.0 start: `http-server -a localhost -p 9090`
24 error Exit status 1
25 error Failed at the front-end-test@1.0.0 start script 'http-server -a localhost -p 9090'.
25 error Make sure you have the latest version of node.js and npm installed.
25 error If you do, this is most likely a problem with the front-end-test package,
25 error not with npm itself.
25 error Tell the author that this fails on your system:
25 error     http-server -a localhost -p 9090
25 error You can get information on how to open an issue for this project with:
25 error     npm bugs front-end-test
25 error Or if that isn't available, you can get their info via:
25 error     npm owner ls front-end-test
25 error There is likely additional logging output above.
26 verbose exit [ 1, true ]
